<?xml version="1.0" encoding="UTF-8"?>
<!-- Generated by org.testng.reporters.JUnitReportReporter -->
<testsuite hostname="MSI" failures="0" tests="1" name="tests.TwoTest" time="13.371" errors="0" timestamp="2022-05-17T20:53:26 IST" skipped="0">
  <testcase classname="tests.TwoTest" name="testTwo" time="13.371"/>
  <system-out/>
</testsuite> <!-- tests.TwoTest -->
