<?xml version="1.0" encoding="UTF-8"?>
<!-- Generated by org.testng.reporters.JUnitReportReporter -->
<testsuite hostname="MSI" failures="0" tests="2" name="tests.LoginTest" time="19.907" errors="0" timestamp="2022-05-17T20:53:26 IST" skipped="0">
  <testcase classname="tests.LoginTest" name="login" time="13.443"/>
  <system-out/>
  <testcase classname="tests.LoginTest" name="login" time="6.464"/>
  <system-out/>
</testsuite> <!-- tests.LoginTest -->
