<?xml version="1.0" encoding="UTF-8"?>
<!-- Generated by org.testng.reporters.JUnitReportReporter -->
<testsuite hostname="MSI" failures="0" tests="2" name="tests.LoginTest" time="18.863" errors="0" timestamp="2022-05-17T19:45:59 IST" skipped="0">
  <testcase classname="tests.LoginTest" name="login" time="15.617"/>
  <system-out/>
  <testcase classname="tests.LoginTest" name="login" time="3.246"/>
  <system-out/>
</testsuite> <!-- tests.LoginTest -->
